<?xml version="1.0" encoding="UTF-8"?>
<!-- Generated by org.testng.reporters.JUnitReportReporter -->
<testsuite hostname="DESKTOP-75G1BKT" failures="0" tests="1" name="test.TC_004_InvalidDobTest" time="7.705" errors="0" timestamp="2024-12-09T14:03:01 IST" skipped="0">
  <testcase classname="test.TC_004_InvalidDobTest" name="RegisterTest" time="7.705"/>
</testsuite> <!-- test.TC_004_InvalidDobTest -->
