<?xml version="1.0" encoding="UTF-8"?>
<!-- Generated by org.testng.reporters.JUnitReportReporter -->
<testsuite hostname="DESKTOP-75G1BKT" failures="0" tests="1" name="test.TC_002_LoginTestDifFunction" time="20.408" errors="0" timestamp="2024-12-11T16:34:02 IST" skipped="0">
  <testcase classname="test.TC_002_LoginTestDifFunction" name="LoginTest" time="20.408"/>
</testsuite> <!-- test.TC_002_LoginTestDifFunction -->
