<?xml version="1.0" encoding="UTF-8"?>
<!-- Generated by org.testng.reporters.JUnitReportReporter -->
<testsuite hostname="DESKTOP-75G1BKT" failures="0" tests="1" name="test.TC_001_RegisterTest" time="9.963" errors="0" timestamp="2024-12-11T16:34:02 IST" skipped="0">
  <testcase classname="test.TC_001_RegisterTest" name="RegisterTest" time="9.963"/>
</testsuite> <!-- test.TC_001_RegisterTest -->
