<?xml version="1.0" encoding="UTF-8"?>
<!-- Generated by org.testng.reporters.JUnitReportReporter -->
<testsuite hostname="DESKTOP-75G1BKT" failures="0" tests="1" name="test.TC_004_InvalidDobTest" time="10.226" errors="0" timestamp="2024-12-11T18:54:30 IST" skipped="0">
  <testcase classname="test.TC_004_InvalidDobTest" name="RegisterTest" time="10.226"/>
</testsuite> <!-- test.TC_004_InvalidDobTest -->
